<?xml version="1.0" encoding="UTF-8" ?>
<testsuite tests="6" failures="2" name="stepDefinitions.TestRunner" time="58.198" errors="0" skipped="0">
  <properties>
    <property name="PROCESSOR_ARCHITECTURE" value="AMD64"/>
    <property name="file.encoding.pkg" value="sun.io"/>
    <property name="LOGONSERVER" value="\\DESKTOP-R6F2JT7"/>
    <property name="classpath" value=""/>
    <property name="ProgramData" value="C:\ProgramData"/>
    <property name="java.home" value="C:\Program Files\Java\jdk1.8.0_241\jre"/>
    <property name="NODE_NAME" value="master"/>
    <property name="JENKINS_URL" value="http://localhost:8080/"/>
    <property name="ALLUSERSPROFILE" value="C:\ProgramData"/>
    <property name="java.endorsed.dirs" value="C:\Program Files\Java\jdk1.8.0_241\jre\lib\endorsed"/>
    <property name="PSModulePath" value="%ProgramFiles%\WindowsPowerShell\Modules;C:\Windows\system32\WindowsPowerShell\v1.0\Modules"/>
    <property name="USERDOMAIN" value="DESKTOP-R6F2JT7"/>
    <property name="sun.os.patch.level" value=""/>
    <property name="java.vendor.url" value="http://java.oracle.com/"/>
    <property name="CommonProgramFiles(x86)" value="C:\Program Files (x86)\Common Files"/>
    <property name="java.version" value="1.8.0_241"/>
    <property name="JOB_NAME" value="CucumberAutomation1"/>
    <property name="COMPUTERNAME" value="DESKTOP-R6F2JT7"/>
    <property name="PyCharm" value="C:\Program Files\JetBrains\PyCharm 2021.1.2\bin;"/>
    <property name="java.vendor.url.bug" value="http://bugreport.sun.com/bugreport/"/>
    <property name="PUBLIC" value="C:\Users\Public"/>
    <property name="user.name" value="BIBHU"/>
    <property name="sun.io.unicode.encoding" value="UnicodeLittle"/>
    <property name="sun.jnu.encoding" value="Cp1252"/>
    <property name="java.runtime.name" value="Java(TM) SE Runtime Environment"/>
    <property name="windir" value="C:\Windows"/>
    <property name="PROCESSOR_IDENTIFIER" value="Intel64 Family 6 Model 42 Stepping 7, GenuineIntel"/>
    <property name="java.specification.name" value="Java Platform API Specification"/>
    <property name="LOCALAPPDATA" value="C:\Users\BIBHU\AppData\Local"/>
    <property name="RUN_CHANGES_DISPLAY_URL" value="http://localhost:8080/job/CucumberAutomation1/6/display/redirect?page=changes"/>
    <property name="user.timezone" value="Asia/Calcutta"/>
    <property name="user.script" value=""/>
    <property name="path.separator" value=";"/>
    <property name="NUMBER_OF_PROCESSORS" value="4"/>
    <property name="BUILD_TAG" value="jenkins-CucumberAutomation1-6"/>
    <property name="file.encoding" value="Cp1252"/>
    <property name="sun.java.command" value="jenkins.maven3.agent.Maven35Main C:\apache-maven-3.6.3 C:\Users\BIBHU\AppData\Local\Jenkins\war\WEB-INF\lib\remoting-4.10.jar C:\Users\BIBHU\AppData\Local\Jenkins\.jenkins\plugins\maven-plugin\WEB-INF\lib\maven35-interceptor-1.13.jar C:\Users\BIBHU\AppData\Local\Jenkins\.jenkins\plugins\maven-plugin\WEB-INF\lib\maven3-interceptor-commons-1.13.jar 57492"/>
    <property name="HUDSON_URL" value="http://localhost:8080/"/>
    <property name="JENKINS_SERVER_COOKIE" value="07d3003300bce8fa"/>
    <property name="EXECUTOR_NUMBER" value="1"/>
    <property name="Path" value="C:\Program Files\Java\jdk1.8.0_241/bin;E:\VMWareWorkStationPro\bin\;C:\Program Files\Python39\Scripts\;C:\Program Files\Python39\;E:\app\BIBHU\product\11.2.0\dbhome_1\bin;E:\Oracle_db\bin;C:\Program Files (x86)\Common Files\Oracle\Java\javapath;C:\Windows\system32;C:\Windows;C:\Windows\System32\Wbem;C:\Windows\System32\WindowsPowerShell\v1.0\;C:\Windows\System32\OpenSSH\;C:\Program Files (x86)\scala\bin;C:\apache-maven-3.6.3\bin;C:\Users\BIBHU\AppData\Local\Programs\Python\Python38;C:\Users\BIBHU\AppData\Local\Microsoft\WindowsApps;C:\Windows\SysWow64\;C:\Program Files\JetBrains\PyCharm 2021.1.2\bin;C:\Program Files\JetBrains\PyCharm Community Edition 2021.1.2\bin"/>
    <property name="WINSW_SERVICE_ID" value="jenkins"/>
    <property name="GIT_COMMIT" value="053627134e3562038ba9a97bebdfdae496a8ce70"/>
    <property name="BASE" value="D:\jenkin"/>
    <property name="java.io.tmpdir" value="C:\Users\BIBHU\AppData\Local\Temp\"/>
    <property name="APPDATA" value="C:\Users\BIBHU\AppData\Roaming"/>
    <property name="user.language" value="en"/>
    <property name="line.separator" value="
"/>
    <property name="BUILD_URL" value="http://localhost:8080/job/CucumberAutomation1/6/"/>
    <property name="M2_HOME" value="C:\apache-maven-3.6.3"/>
    <property name="java.vm.info" value="mixed mode"/>
    <property name="DriverData" value="C:\Windows\System32\Drivers\DriverData"/>
    <property name="sun.desktop" value="windows"/>
    <property name="java.vm.specification.name" value="Java Virtual Machine Specification"/>
    <property name="CI" value="true"/>
    <property name="BUILD_DISPLAY_NAME" value="#6"/>
    <property name="OS" value="Windows_NT"/>
    <property name="guice.disable.misplaced.annotation.check" value="true"/>
    <property name="HUDSON_SERVER_COOKIE" value="07d3003300bce8fa"/>
    <property name="WORKSPACE_TMP" value="C:\Users\BIBHU\AppData\Local\Jenkins\.jenkins\workspace\CucumberAutomation1@tmp"/>
    <property name="MAVEN_HOME" value="C:\apache-maven-3.6.3"/>
    <property name="PATHEXT" value=".COM;.EXE;.BAT;.CMD;.VBS;.VBE;.JS;.JSE;.WSF;.WSH;.MSC;.PY;.PYW"/>
    <property name="java.awt.printerjob" value="sun.awt.windows.WPrinterJob"/>
    <property name="maven3.interceptor.common" value="C:\Users\BIBHU\AppData\Local\Jenkins\.jenkins\plugins\maven-plugin\WEB-INF\lib\maven3-interceptor-commons-1.13.jar"/>
    <property name="PyCharm Community Edition" value="C:\Program Files\JetBrains\PyCharm Community Edition 2021.1.2\bin;"/>
    <property name="HOMEPATH" value="\Users\BIBHU"/>
    <property name="os.name" value="Windows 10"/>
    <property name="java.specification.vendor" value="Oracle Corporation"/>
    <property name="java.vm.name" value="Java HotSpot(TM) 64-Bit Server VM"/>
    <property name="BUILD_NUMBER" value="6"/>
    <property name="maven3.interceptor" value="C:\Users\BIBHU\AppData\Local\Jenkins\.jenkins\plugins\maven-plugin\WEB-INF\lib\maven35-interceptor-1.13.jar"/>
    <property name="java.library.path" value="C:\Program Files\Java\jdk1.8.0_241\bin;C:\Windows\Sun\Java\bin;C:\Windows\system32;C:\Windows;C:\apache-maven-3.6.3/bin;C:\Program Files\Java\jdk1.8.0_241/bin;C:\Program Files\Java\jdk1.8.0_241/bin;E:\VMWareWorkStationPro\bin\;C:\Program Files\Python39\Scripts\;C:\Program Files\Python39\;E:\app\BIBHU\product\11.2.0\dbhome_1\bin;E:\Oracle_db\bin;C:\Program Files (x86)\Common Files\Oracle\Java\javapath;C:\Windows\system32;C:\Windows;C:\Windows\System32\Wbem;C:\Windows\System32\WindowsPowerShell\v1.0\;C:\Windows\System32\OpenSSH\;C:\Program Files (x86)\scala\bin;C:\apache-maven-3.6.3\bin;C:\Users\BIBHU\AppData\Local\Programs\Python\Python38;C:\Users\BIBHU\AppData\Local\Microsoft\WindowsApps;C:\Windows\SysWow64\;C:\Program Files\JetBrains\PyCharm 2021.1.2\bin;C:\Program Files\JetBrains\PyCharm Community Edition 2021.1.2\bin;."/>
    <property name="HOMEDRIVE" value="C:"/>
    <property name="WINSW_EXECUTABLE" value="D:\jenkin\jenkins.exe"/>
    <property name="POM_GROUPID" value="cucumber_Automation"/>
    <property name="POM_ARTIFACTID" value="selenium"/>
    <property name="java.class.version" value="52.0"/>
    <property name="JOB_URL" value="http://localhost:8080/job/CucumberAutomation1/"/>
    <property name="GIT_PREVIOUS_COMMIT" value="053627134e3562038ba9a97bebdfdae496a8ce70"/>
    <property name="OneDrive" value="C:\Users\BIBHU\OneDrive"/>
    <property name="GIT_BRANCH" value="origin/master"/>
    <property name="RUN_DISPLAY_URL" value="http://localhost:8080/job/CucumberAutomation1/6/display/redirect"/>
    <property name="VBOX_MSI_INSTALL_PATH" value="C:\Program Files\Oracle\VirtualBox\"/>
    <property name="JENKINS_HOME" value="C:\Users\BIBHU\AppData\Local\Jenkins\.jenkins"/>
    <property name="BUILD_ID" value="6"/>
    <property name="TEMP" value="C:\Users\BIBHU\AppData\Local\Temp"/>
    <property name="sun.boot.library.path" value="C:\Program Files\Java\jdk1.8.0_241\jre\bin"/>
    <property name="sun.management.compiler" value="HotSpot 64-Bit Tiered Compilers"/>
    <property name="java.awt.graphicsenv" value="sun.awt.Win32GraphicsEnvironment"/>
    <property name="user.variant" value=""/>
    <property name="PROCESSOR_REVISION" value="2a07"/>
    <property name="POM_VERSION" value="0.0.1-SNAPSHOT"/>
    <property name="HUDSON_HOME" value="C:\Users\BIBHU\AppData\Local\Jenkins\.jenkins"/>
    <property name="ProgramFiles(x86)" value="C:\Program Files (x86)"/>
    <property name="PATH+MAVEN" value="C:\apache-maven-3.6.3/bin"/>
    <property name="USERDOMAIN_ROAMINGPROFILE" value="DESKTOP-R6F2JT7"/>
    <property name="RUN_ARTIFACTS_DISPLAY_URL" value="http://localhost:8080/job/CucumberAutomation1/6/display/redirect?page=artifacts"/>
    <property name="java.vm.specification.version" value="1.8"/>
    <property name="JAVA_HOME" value="C:\Program Files\Java\jdk1.8.0_241"/>
    <property name="awt.toolkit" value="sun.awt.windows.WToolkit"/>
    <property name="NODE_LABELS" value="master"/>
    <property name="sun.cpu.isalist" value="amd64"/>
    <property name="USERPROFILE" value="C:\Users\BIBHU"/>
    <property name="JOB_DISPLAY_URL" value="http://localhost:8080/job/CucumberAutomation1/display/redirect"/>
    <property name="java.ext.dirs" value="C:\Program Files\Java\jdk1.8.0_241\jre\lib\ext;C:\Windows\Sun\Java\lib\ext"/>
    <property name="os.version" value="10.0"/>
    <property name="user.home" value="C:\Users\BIBHU"/>
    <property name="USERNAME" value="BIBHU"/>
    <property name="java.vm.vendor" value="Oracle Corporation"/>
    <property name="PROCESSOR_LEVEL" value="6"/>
    <property name="CommonProgramW6432" value="C:\Program Files\Common Files"/>
    <property name="user.dir" value="D:\CucumberAutomation\selenium"/>
    <property name="maven.conf" value="C:\apache-maven-3.6.3\conf"/>
    <property name="ProgramW6432" value="C:\Program Files"/>
    <property name="TMP" value="C:\Users\BIBHU\AppData\Local\Temp"/>
    <property name="sun.cpu.endian" value="little"/>
    <property name="SystemDrive" value="C:"/>
    <property name="java.vm.version" value="25.241-b07"/>
    <property name="java.class.path" value="C:\Users\BIBHU\AppData\Local\Jenkins\.jenkins\plugins\maven-plugin\WEB-INF\lib\maven35-agent-1.13.jar;C:\apache-maven-3.6.3\boot\plexus-classworlds-2.6.0.jar;C:\apache-maven-3.6.3/conf/logging"/>
    <property name="org.slf4j.simpleLogger.defaultLogLevel" value="info"/>
    <property name="os.arch" value="amd64"/>
    <property name="OneDriveConsumer" value="C:\Users\BIBHU\OneDrive"/>
    <property name="WORKSPACE" value="C:\Users\BIBHU\AppData\Local\Jenkins\.jenkins\workspace\CucumberAutomation1"/>
    <property name="ComSpec" value="C:\Windows\system32\cmd.exe"/>
    <property name="RUN_TESTS_DISPLAY_URL" value="http://localhost:8080/job/CucumberAutomation1/6/display/redirect?page=tests"/>
    <property name="sun.java.launcher" value="SUN_STANDARD"/>
    <property name="SERVICE_ID" value="jenkins"/>
    <property name="SystemRoot" value="C:\Windows"/>
    <property name="CommonProgramFiles" value="C:\Program Files\Common Files"/>
    <property name="java.vm.specification.vendor" value="Oracle Corporation"/>
    <property name="file.separator" value="\"/>
    <property name="java.runtime.version" value="1.8.0_241-b07"/>
    <property name="ProgramFiles" value="C:\Program Files"/>
    <property name="sun.boot.class.path" value="C:\Program Files\Java\jdk1.8.0_241\jre\lib\resources.jar;C:\Program Files\Java\jdk1.8.0_241\jre\lib\rt.jar;C:\Program Files\Java\jdk1.8.0_241\jre\lib\sunrsasign.jar;C:\Program Files\Java\jdk1.8.0_241\jre\lib\jsse.jar;C:\Program Files\Java\jdk1.8.0_241\jre\lib\jce.jar;C:\Program Files\Java\jdk1.8.0_241\jre\lib\charsets.jar;C:\Program Files\Java\jdk1.8.0_241\jre\lib\jfr.jar;C:\Program Files\Java\jdk1.8.0_241\jre\classes"/>
    <property name="PATH+JDK" value="C:\Program Files\Java\jdk1.8.0_241/bin"/>
    <property name="user.country" value="US"/>
    <property name="POM_PACKAGING" value="jar"/>
    <property name="maven.home" value="C:\apache-maven-3.6.3"/>
    <property name="JOB_BASE_NAME" value="CucumberAutomation1"/>
    <property name="java.vendor" value="Oracle Corporation"/>
    <property name="java.specification.version" value="1.8"/>
    <property name="POM_DISPLAYNAME" value="selenium"/>
    <property name="sun.arch.data.model" value="64"/>
    <property name="GIT_URL" value="https://github.com/mohantylipika/CucumberAutomation.git"/>
  </properties>
  <testcase classname="To validate the login functionality" name="Check login functionality with valid username and valid password #1" time="12.473">
    <failure message="expected:&lt;[Hello Lipika, let&apos;s complete the test form:]&gt; but was:&lt;[]&gt;" type="junit.framework.ComparisonFailure">junit.framework.ComparisonFailure: expected:&lt;[Hello Lipika, let&apos;s complete the test form:]&gt; but was:&lt;[]&gt;
	at junit.framework.Assert.assertEquals(Assert.java:100)
	at junit.framework.Assert.assertEquals(Assert.java:107)
	at stepDefinitions.Login.user_is_navigated_to_home_page(Login.java:51)
	at ✽.Lipika is navigated to home page(file:///D:/CucumberAutomation/selenium/src/test/resources/features/login.feature:10)
</failure>
    <system-out>
@1st
Scenario Outline: Check login functionality with valid username and valid password # src/test/resources/features/login.feature:14
D:\CucumberAutomation\selenium
  Given login page is opened                                                       # stepDefinitions.Login.login_page_is_opened()
######User enters valid user and valid password
  When user enters valid Lipika and valid 12645                                    # stepDefinitions.Login.user_enters_valid_username_and_valid_password(java.lang.String,java.lang.String)
  And user clicks on login button                                                  # stepDefinitions.Login.user_clicks_on_login_button()
  Then Lipika is navigated to home page                                            # stepDefinitions.Login.user_is_navigated_to_home_page(java.lang.String)
      junit.framework.ComparisonFailure: expected:&lt;[Hello Lipika, let&apos;s complete the test form:]&gt; but was:&lt;[]&gt;
	at junit.framework.Assert.assertEquals(Assert.java:100)
	at junit.framework.Assert.assertEquals(Assert.java:107)
	at stepDefinitions.Login.user_is_navigated_to_home_page(Login.java:51)
	at âœ½.Lipika is navigated to home page(file:///D:/CucumberAutomation/selenium/src/test/resources/features/login.feature:10)

</system-out>
    <system-err>SLF4J: Failed to load class &quot;org.slf4j.impl.StaticLoggerBinder&quot;.
SLF4J: Defaulting to no-operation (NOP) logger implementation
SLF4J: See http://www.slf4j.org/codes.html#StaticLoggerBinder for further details.
Starting ChromeDriver 92.0.4515.107 (87a818b10553a07434ea9e2b6dccf3cbe7895134-refs/branch-heads/4515@{#1634}) on port 38561
Only local connections are allowed.
Please see https://chromedriver.chromium.org/security-considerations for suggestions on keeping ChromeDriver safe.
ChromeDriver was started successfully.
Aug 07, 2021 12:21:54 AM org.openqa.selenium.remote.ProtocolHandshake createSession
INFO: Detected dialect: W3C
Aug 07, 2021 12:21:55 AM org.openqa.selenium.devtools.CdpVersionFinder findNearestMatch
WARNING: Unable to find an exact match for CDP version 92, so returning the closest version found: 91
Aug 07, 2021 12:21:55 AM org.openqa.selenium.devtools.CdpVersionFinder findNearestMatch
INFO: Found CDP implementation for version 92 of 91
</system-err>
  </testcase>
  <testcase classname="To validate the login functionality" name="Check login functionality with valid username and valid password #2" time="7.423"/>
  <testcase classname="To validate the login functionality" name="Check login functionality with valid username and valid password #3" time="6.579">
    <failure message="expected:&lt;[Hello Chinu, let&apos;s complete the test form:]&gt; but was:&lt;[]&gt;" type="junit.framework.ComparisonFailure">junit.framework.ComparisonFailure: expected:&lt;[Hello Chinu, let&apos;s complete the test form:]&gt; but was:&lt;[]&gt;
	at junit.framework.Assert.assertEquals(Assert.java:100)
	at junit.framework.Assert.assertEquals(Assert.java:107)
	at stepDefinitions.Login.user_is_navigated_to_home_page(Login.java:51)
	at ✽.Chinu is navigated to home page(file:///D:/CucumberAutomation/selenium/src/test/resources/features/login.feature:10)
</failure>
    <system-out>
@1st
Scenario Outline: Check login functionality with valid username and valid password # src/test/resources/features/login.feature:16
D:\CucumberAutomation\selenium
  Given login page is opened                                                       # stepDefinitions.Login.login_page_is_opened()
######User enters valid user and valid password
  When user enters valid Chinu and valid 19345                                     # stepDefinitions.Login.user_enters_valid_username_and_valid_password(java.lang.String,java.lang.String)
  And user clicks on login button                                                  # stepDefinitions.Login.user_clicks_on_login_button()
  Then Chinu is navigated to home page                                             # stepDefinitions.Login.user_is_navigated_to_home_page(java.lang.String)
      junit.framework.ComparisonFailure: expected:&lt;[Hello Chinu, let&apos;s complete the test form:]&gt; but was:&lt;[]&gt;
	at junit.framework.Assert.assertEquals(Assert.java:100)
	at junit.framework.Assert.assertEquals(Assert.java:107)
	at stepDefinitions.Login.user_is_navigated_to_home_page(Login.java:51)
	at âœ½.Chinu is navigated to home page(file:///D:/CucumberAutomation/selenium/src/test/resources/features/login.feature:10)

</system-out>
    <system-err>Starting ChromeDriver 92.0.4515.107 (87a818b10553a07434ea9e2b6dccf3cbe7895134-refs/branch-heads/4515@{#1634}) on port 40183
Only local connections are allowed.
Please see https://chromedriver.chromium.org/security-considerations for suggestions on keeping ChromeDriver safe.
ChromeDriver was started successfully.
Aug 07, 2021 12:22:08 AM org.openqa.selenium.remote.ProtocolHandshake createSession
INFO: Detected dialect: W3C
Aug 07, 2021 12:22:08 AM org.openqa.selenium.devtools.CdpVersionFinder findNearestMatch
WARNING: Unable to find an exact match for CDP version 92, so returning the closest version found: 91
Aug 07, 2021 12:22:08 AM org.openqa.selenium.devtools.CdpVersionFinder findNearestMatch
INFO: Found CDP implementation for version 92 of 91
</system-err>
  </testcase>
  <testcase classname="To validate the login functionality" name="Check login functionality with valid username and valid password #4" time="12.709"/>
  <testcase classname="To validate the login functionality" name="Check login functionality with valid username and valid password #5" time="9.956"/>
  <testcase classname="To validate the login functionality" name="Check login functionality with valid username and valid password #6" time="9.058"/>
</testsuite>